<?xml version="1.0" encoding="UTF-8"?>
<!-- Generated by org.testng.reporters.JUnitReportReporter -->
<testsuite hostname="MBP-QMGXTDY6CY" failures="0" tests="2" name="runner.TestRunner" time="259.341" errors="0" timestamp="2025-03-23T01:24:13 IST" skipped="0">
  <testcase classname="runner.TestRunner" name="runScenario" time="142.415"/>
  <testcase classname="runner.TestRunner" name="runScenario" time="116.926"/>
</testsuite> <!-- runner.TestRunner -->
